<?xml version="1.0" encoding="UTF-8"?>
<!-- Generated by org.testng.reporters.JUnitReportReporter -->
<testsuite skipped="0" hostname="BDC4-L-5LW6QQ2" name="com.test.NewTest1" tests="4" failures="0" timestamp="2020-05-26T11:07:07 IST" time="0.017" errors="0">
  <testcase name="testRegistration" time="0.014" classname="com.test.NewTest1"/>
  <system-out/>
  <testcase name="testLogin" time="0.001" classname="com.test.NewTest1"/>
  <system-out/>
  <testcase name="testAddCart" time="0.001" classname="com.test.NewTest1"/>
  <system-out/>
  <testcase name="testLogout" time="0.001" classname="com.test.NewTest1"/>
  <system-out/>
</testsuite> <!-- com.test.NewTest1 -->
