<?xml version="1.0" encoding="UTF-8"?>
<!-- Generated by org.testng.reporters.JUnitReportReporter -->
<testsuite skipped="0" hostname="BDC4-L-5LW6QQ2" name="com.test.NewTest5" tests="1" failures="0" timestamp="2020-05-27T10:41:18 IST" time="32.883" errors="0">
  <testcase name="testMouseActions" time="32.883" classname="com.test.NewTest5"/>
  <system-out/>
</testsuite> <!-- com.test.NewTest5 -->
