<?xml version="1.0" encoding="UTF-8"?>
<!-- Generated by org.testng.reporters.JUnitReportReporter -->
<testsuite skipped="0" hostname="BDC4-L-5LW6QQ2" name="com.test.NewTest4" tests="1" failures="0" timestamp="2020-05-27T09:48:33 IST" time="20.000" errors="0">
  <testcase name="testMouseActions" time="20.000" classname="com.test.NewTest4"/>
  <system-out/>
</testsuite> <!-- com.test.NewTest4 -->
