<?xml version="1.0" encoding="UTF-8"?>
<!-- Generated by org.testng.reporters.JUnitReportReporter -->
<testsuite skipped="0" hostname="BDC4-L-5LW6QQ2" name="com.test.NewTest6" tests="1" failures="0" timestamp="2020-05-27T12:21:35 IST" time="8.912" errors="0">
  <testcase name="readExcel" time="8.912" classname="com.test.NewTest6"/>
  <system-out/>
</testsuite> <!-- com.test.NewTest6 -->
