<?xml version="1.0" encoding="UTF-8"?>
<!-- Generated by org.testng.reporters.JUnitReportReporter -->
<testsuite skipped="0" hostname="BDC4-L-5LW6QQ2" name="com.test.NewTest3" tests="2" failures="0" timestamp="2020-05-26T15:07:58 IST" time="3.806" errors="0">
  <testcase name="clickLoginLink" time="1.664" classname="com.test.NewTest3"/>
  <system-out/>
  <testcase name="login" time="2.142" classname="com.test.NewTest3"/>
  <system-out/>
</testsuite> <!-- com.test.NewTest3 -->
