<?xml version="1.0" encoding="UTF-8"?>
<!-- Generated by org.testng.reporters.JUnitReportReporter -->
<testsuite hostname="BDC4-L-5LW6QQ2" name="com.test.HDFCNetBankingTest" tests="1" failures="0" timestamp="30 Apr 2019 10:39:22 GMT" time="10.778" errors="0">
  <testcase name="hdfcNetBanking" time="10.778" classname="com.test.HDFCNetBankingTest"/>
</testsuite> <!-- com.test.HDFCNetBankingTest -->
