<?xml version="1.0" encoding="UTF-8"?>
<!-- Generated by org.testng.reporters.JUnitReportReporter -->
<testsuite hostname="BDC4-L-5LW6QQ2" name="com.test.DemoByTagName" tests="1" failures="0" timestamp="30 Apr 2019 04:37:42 GMT" time="7.324" errors="0">
  <testcase name="testDemoWebShop" time="7.324" classname="com.test.DemoByTagName"/>
</testsuite> <!-- com.test.DemoByTagName -->
