<?xml version="1.0" encoding="UTF-8"?>
<!-- Generated by org.testng.reporters.JUnitReportReporter -->
<testsuite hostname="BDC4-L-5LW6QQ2" name="com.test.NewTest4" tests="3" failures="0" timestamp="30 Apr 2019 06:13:57 GMT" time="0.015" errors="0">
  <testcase name="testRegistration" time="0.010" classname="com.test.NewTest4"/>
  <testcase name="testLogin" time="0.002" classname="com.test.NewTest4"/>
  <testcase name="testLogout" time="0.003" classname="com.test.NewTest4"/>
</testsuite> <!-- com.test.NewTest4 -->
