<?xml version="1.0" encoding="UTF-8"?>
<!-- Generated by org.testng.reporters.JUnitReportReporter -->
<testsuite hostname="BDC4-L-5LW6QQ2" name="com.test.NewTest1" tests="3" failures="0" timestamp="29 Apr 2019 08:49:40 GMT" time="0.014" errors="0">
  <testcase name="testLogin" time="0.012" classname="com.test.NewTest1"/>
  <testcase name="testLogout" time="0.001" classname="com.test.NewTest1"/>
  <testcase name="testReistration" time="0.001" classname="com.test.NewTest1"/>
</testsuite> <!-- com.test.NewTest1 -->
