<?xml version="1.0" encoding="UTF-8"?>
<!-- Generated by org.testng.reporters.JUnitReportReporter -->
<testsuite hostname="BDC4-L-5LW6QQ2" name="com.test.DemoForDynamicDropDownBox" tests="1" failures="0" timestamp="30 Apr 2019 04:57:15 GMT" time="9.567" errors="0">
  <testcase name="testXUV300" time="9.567" classname="com.test.DemoForDynamicDropDownBox"/>
</testsuite> <!-- com.test.DemoForDynamicDropDownBox -->
