<?xml version="1.0" encoding="UTF-8"?>
<!-- Generated by org.testng.reporters.JUnitReportReporter -->
<testsuite skipped="0" hostname="BDC4-L-5LW6QQ2" name="com.test.LaunchBrowser" tests="1" failures="0" timestamp="25 Feb 2020 06:05:06 GMT" time="12.046" errors="0">
  <testcase name="openChrome" time="12.046" classname="com.test.LaunchBrowser"/>
</testsuite> <!-- com.test.LaunchBrowser -->
