<?xml version="1.0" encoding="UTF-8"?>
<!-- Generated by org.testng.reporters.JUnitReportReporter -->
<testsuite hostname="BDC4-L-5LW6QQ2" name="com.test.NewTest3" tests="1" failures="0" timestamp="30 Apr 2019 03:45:10 GMT" time="6.076" errors="0">
  <testcase name="testGoogle" time="6.076" classname="com.test.NewTest3"/>
</testsuite> <!-- com.test.NewTest3 -->
