<?xml version="1.0" encoding="UTF-8"?>
<!-- Generated by org.testng.reporters.JUnitReportReporter -->
<testsuite skipped="0" hostname="BDC4-L-5LW6QQ2" name="com.tests.NewTest6" tests="2" failures="0" timestamp="14 Feb 2019 09:18:35 GMT" time="0.008" errors="0">
  <testcase name="testFB" time="0.005" classname="com.tests.NewTest6"/>
  <testcase name="testGoogle" time="0.003" classname="com.tests.NewTest6"/>
</testsuite> <!-- com.tests.NewTest6 -->
