<?xml version="1.0" encoding="UTF-8"?>
<!-- Generated by org.testng.reporters.JUnitReportReporter -->
<testsuite skipped="0" hostname="BDC4-L-5LW6QQ2" name="com.tests.NewTest5" tests="2" failures="0" timestamp="14 Feb 2019 07:25:44 GMT" time="17.080" errors="0">
  <testcase name="testGoogle" time="6.165" classname="com.tests.NewTest5"/>
  <testcase name="testFaceBook" time="10.915" classname="com.tests.NewTest5"/>
</testsuite> <!-- com.tests.NewTest5 -->
