<?xml version="1.0" encoding="UTF-8"?>
<!-- Generated by org.testng.reporters.JUnitReportReporter -->
<testsuite hostname="BDC4-L-5LW6QQ2" name="com.tests.HDFCNetBankingTest" tests="1" failures="0" timestamp="14 Apr 2019 10:23:02 GMT" time="17.207" errors="0">
  <testcase name="hdfcNetBanking" time="17.207" classname="com.tests.HDFCNetBankingTest"/>
</testsuite> <!-- com.tests.HDFCNetBankingTest -->
