<?xml version="1.0" encoding="UTF-8"?>
<!-- Generated by org.testng.reporters.JUnitReportReporter -->
<testsuite name="com.tests.NewTest4" tests="1" time="11.961" ignored="0" failures="0" timestamp="03 Jul 2019 15:19:14 GMT" skipped="0" hostname="BDC4-L-5LW6QQ2" errors="0">
  <testcase name="testDemoShop" time="11.961" classname="com.tests.NewTest4"/>
</testsuite> <!-- com.tests.NewTest4 -->
