<?xml version="1.0" encoding="UTF-8"?>
<!-- Generated by org.testng.reporters.JUnitReportReporter -->
<testsuite skipped="0" hostname="BDC4-L-5LW6QQ2" name="com.tests.NewTest1" tests="3" failures="0" timestamp="13 Feb 2019 09:54:36 GMT" time="0.009" errors="0">
  <testcase name="testGoogle" time="0.001" classname="com.tests.NewTest1"/>
  <testcase name="testTwitter" time="0.001" classname="com.tests.NewTest1"/>
  <testcase name="testFaceBook" time="0.007" classname="com.tests.NewTest1"/>
</testsuite> <!-- com.tests.NewTest1 -->
