<?xml version="1.0" encoding="UTF-8"?>
<!-- Generated by org.testng.reporters.JUnitReportReporter -->
<testsuite skipped="0" hostname="BDC4-L-5LW6QQ2" name="com.tests.NewTest2" tests="2" failures="0" timestamp="13 Feb 2019 10:00:42 GMT" time="0.009" errors="0">
  <testcase name="testRegistration" time="0.008" classname="com.tests.NewTest2"/>
  <testcase name="testLogin" time="0.001" classname="com.tests.NewTest2"/>
</testsuite> <!-- com.tests.NewTest2 -->
