<?xml version="1.0" encoding="UTF-8"?>
<!-- Generated by org.testng.reporters.JUnitReportReporter -->
<testsuite hostname="BDC4-L-5LW6QQ2" name="com.tests.TestDynamicDropDownBox" tests="1" failures="0" timestamp="29 Apr 2019 14:53:08 GMT" time="17.890" errors="0">
  <testcase name="testDropDown" time="17.890" classname="com.tests.TestDynamicDropDownBox"/>
</testsuite> <!-- com.tests.TestDynamicDropDownBox -->
