<?xml version="1.0" encoding="UTF-8"?>
<!-- Generated by org.testng.reporters.JUnitReportReporter -->
<testsuite skipped="0" hostname="BDC4-L-5LW6QQ2" name="com.tests.DemoTourLoginTestWithOutDesignPattern" tests="1" failures="0" timestamp="15 Feb 2019 06:06:03 GMT" time="15.752" errors="0">
  <testcase name="testLogin" time="15.752" classname="com.tests.DemoTourLoginTestWithOutDesignPattern"/>
</testsuite> <!-- com.tests.DemoTourLoginTestWithOutDesignPattern -->
